Using pre-set license
Built from 'trunk' branch; Version is '2021.1.0a9 (18321e85013a) revision 1585694'; Using compiler version '192528614'; Build Type 'Release'
OS: 'Windows 10 Pro; OS build 19042.746; Version 2009; 64bit' Language: 'pt' Physical Memory: 16333 MB
BatchMode: 1, IsHumanControllingUs: 0, StartBugReporterOnCrash: 0, Is64bit: 1, IsPro: 0

 COMMAND LINE ARGUMENTS:
C:\Program Files\Unity\Hub\Editor\2021.1.0a9\Editor\Unity.exe
-adb2
-batchMode
-noUpm
-name
AssetImportWorker0
-projectPath
C:/Users/Gu/Documents/Work/UNITY/RPG/RPG Project
-logFile
Logs/AssetImportWorker0.log
-srvPort
50691
Successfully changed project path to: C:/Users/Gu/Documents/Work/UNITY/RPG/RPG Project
C:/Users/Gu/Documents/Work/UNITY/RPG/RPG Project
Using Asset Import Pipeline V2.
Refreshing native plugins compatible for Editor in 30.68 ms, found 0 plugins.
Preloading 0 native plugins for Editor in 0.00 ms.
Initialize engine version: 2021.1.0a9 (18321e85013a)
[Subsystems] Discovering subsystems at path C:/Program Files/Unity/Hub/Editor/2021.1.0a9/Editor/Data/Resources/UnitySubsystems
[Subsystems] Discovering subsystems at path C:/Users/Gu/Documents/Work/UNITY/RPG/RPG Project/Assets
GfxDevice: creating device client; threaded=0; jobified=0
Direct3D:
    Version:  Direct3D 11.0 [level 11.1]
    Renderer: NVIDIA GeForce RTX 2070 SUPER (ID=0x1e84)
    Vendor:   
    VRAM:     8011 MB
    Driver:   27.21.14.6109
Initialize mono
Mono path[0] = 'C:/Program Files/Unity/Hub/Editor/2021.1.0a9/Editor/Data/Managed'
Mono path[1] = 'C:/Program Files/Unity/Hub/Editor/2021.1.0a9/Editor/Data/MonoBleedingEdge/lib/mono/unityjit'
Mono config path = 'C:/Program Files/Unity/Hub/Editor/2021.1.0a9/Editor/Data/MonoBleedingEdge/etc'
Using monoOptions --debugger-agent=transport=dt_socket,embedding=1,server=y,suspend=n,address=127.0.0.1:56544
Begin MonoManager ReloadAssembly
Registering precompiled unity dll's ...
Register platform support module: C:/Program Files/Unity/Hub/Editor/2021.1.0a9/Editor/Data/PlaybackEngines/WebGLSupport/UnityEditor.WebGL.Extensions.dll
Register platform support module: C:/Program Files/Unity/Hub/Editor/2021.1.0a9/Editor/Data/PlaybackEngines/WindowsStandaloneSupport/UnityEditor.WindowsStandalone.Extensions.dll
Registered in 0.003566 seconds.
Native extension for WindowsStandalone target not found
Native extension for WebGL target not found
Refreshing native plugins compatible for Editor in 32.76 ms, found 0 plugins.
Preloading 0 native plugins for Editor in 0.00 ms.
Mono: successfully reloaded assembly
- Completed reload, in  2.517 seconds
Platform modules already initialized, skipping
Registering precompiled user dll's ...
Registered in 0.001509 seconds.
Begin MonoManager ReloadAssembly
Native extension for WindowsStandalone target not found
Native extension for WebGL target not found
Refreshing native plugins compatible for Editor in 0.30 ms, found 0 plugins.
Preloading 0 native plugins for Editor in 0.00 ms.
Mono: successfully reloaded assembly
- Completed reload, in  1.327 seconds
Platform modules already initialized, skipping
========================================================================
Worker process is ready to serve import requests
Launched and connected shader compiler UnityShaderCompiler.exe after 0.05 seconds
Refreshing native plugins compatible for Editor in 0.33 ms, found 0 plugins.
Preloading 0 native plugins for Editor in 0.00 ms.
Unloading 1274 Unused Serialized files (Serialized files now loaded: 0)
System memory in use before: 208.4 MB.
System memory in use after: 208.4 MB.

Unloading 12 unused Assets to reduce memory usage. Loaded Objects now: 1747.
Total: 3.512900 ms (FindLiveObjects: 0.339100 ms CreateObjectMapping: 0.219900 ms MarkObjects: 2.789600 ms  DeleteObjects: 0.162600 ms)

========================================================================
Received Import Request.
  path: Assets/Scripts/SceneManagement/Fader.cs
  artifactKey: Guid(7ffd9e865722bc943b37f2ef82e4755e) Importer(815301076,1909f56bfc062723c751e8b465ee728b)
Start importing Assets/Scripts/SceneManagement/Fader.cs using Guid(7ffd9e865722bc943b37f2ef82e4755e) Importer(815301076,1909f56bfc062723c751e8b465ee728b)  -> (artifact id: '3e33e93a1eb1a3ad777dc3b8352be707') in 0.042405 seconds 
========================================================================
Received Prepare
Registering precompiled user dll's ...
Registered in 0.003212 seconds.
Begin MonoManager ReloadAssembly
Native extension for WindowsStandalone target not found
Native extension for WebGL target not found
Refreshing native plugins compatible for Editor in 0.54 ms, found 0 plugins.
Preloading 0 native plugins for Editor in 0.00 ms.
Mono: successfully reloaded assembly
- Completed reload, in  1.905 seconds
Platform modules already initialized, skipping
Refreshing native plugins compatible for Editor in 0.44 ms, found 0 plugins.
Preloading 0 native plugins for Editor in 0.00 ms.
Unloading 1269 Unused Serialized files (Serialized files now loaded: 0)
System memory in use before: 208.8 MB.
System memory in use after: 208.9 MB.

Unloading 7 unused Assets to reduce memory usage. Loaded Objects now: 1750.
Total: 3.363600 ms (FindLiveObjects: 0.311400 ms CreateObjectMapping: 0.064400 ms MarkObjects: 2.893500 ms  DeleteObjects: 0.091000 ms)

========================================================================
Received Import Request.
  Time since last request: 390.425671 seconds.
  path: Assets/Scripts/SceneManagement/Fader.cs
  artifactKey: Guid(7ffd9e865722bc943b37f2ef82e4755e) Importer(815301076,1909f56bfc062723c751e8b465ee728b)
Start importing Assets/Scripts/SceneManagement/Fader.cs using Guid(7ffd9e865722bc943b37f2ef82e4755e) Importer(815301076,1909f56bfc062723c751e8b465ee728b)  -> (artifact id: 'f10e4e71b3a5fe1c48ddfd8b71b6e181') in 0.007615 seconds 
========================================================================
Received Prepare
Registering precompiled user dll's ...
Registered in 0.001436 seconds.
Begin MonoManager ReloadAssembly
Native extension for WindowsStandalone target not found
Native extension for WebGL target not found
Refreshing native plugins compatible for Editor in 0.30 ms, found 0 plugins.
Preloading 0 native plugins for Editor in 0.00 ms.
Mono: successfully reloaded assembly
- Completed reload, in  0.985 seconds
Platform modules already initialized, skipping
Refreshing native plugins compatible for Editor in 0.39 ms, found 0 plugins.
Preloading 0 native plugins for Editor in 0.00 ms.
Unloading 1268 Unused Serialized files (Serialized files now loaded: 0)
System memory in use before: 209.5 MB.
System memory in use after: 209.6 MB.

Unloading 7 unused Assets to reduce memory usage. Loaded Objects now: 1752.
Total: 2.302200 ms (FindLiveObjects: 0.179700 ms CreateObjectMapping: 0.038100 ms MarkObjects: 2.008500 ms  DeleteObjects: 0.074500 ms)

========================================================================
Received Import Request.
  Time since last request: 13.019069 seconds.
  path: Assets/Scripts/SceneManagement/Fader.cs
  artifactKey: Guid(7ffd9e865722bc943b37f2ef82e4755e) Importer(815301076,1909f56bfc062723c751e8b465ee728b)
Start importing Assets/Scripts/SceneManagement/Fader.cs using Guid(7ffd9e865722bc943b37f2ef82e4755e) Importer(815301076,1909f56bfc062723c751e8b465ee728b)  -> (artifact id: 'f35ab277ed3e09e872d01977d7628e16') in 0.006777 seconds 
========================================================================
Received Prepare
Registering precompiled user dll's ...
Registered in 0.001704 seconds.
Begin MonoManager ReloadAssembly
Native extension for WindowsStandalone target not found
Native extension for WebGL target not found
Refreshing native plugins compatible for Editor in 0.29 ms, found 0 plugins.
Preloading 0 native plugins for Editor in 0.00 ms.
Mono: successfully reloaded assembly
- Completed reload, in  0.980 seconds
Platform modules already initialized, skipping
Refreshing native plugins compatible for Editor in 0.32 ms, found 0 plugins.
Preloading 0 native plugins for Editor in 0.00 ms.
Unloading 1268 Unused Serialized files (Serialized files now loaded: 0)
System memory in use before: 209.8 MB.
System memory in use after: 209.9 MB.

Unloading 7 unused Assets to reduce memory usage. Loaded Objects now: 1754.
Total: 2.320000 ms (FindLiveObjects: 0.205800 ms CreateObjectMapping: 0.047200 ms MarkObjects: 1.982800 ms  DeleteObjects: 0.083100 ms)

========================================================================
Received Prepare
Registering precompiled user dll's ...
Registered in 0.001911 seconds.
Begin MonoManager ReloadAssembly
Native extension for WindowsStandalone target not found
Native extension for WebGL target not found
Refreshing native plugins compatible for Editor in 0.32 ms, found 0 plugins.
Preloading 0 native plugins for Editor in 0.00 ms.
Mono: successfully reloaded assembly
- Completed reload, in  0.977 seconds
Platform modules already initialized, skipping
Refreshing native plugins compatible for Editor in 0.30 ms, found 0 plugins.
Preloading 0 native plugins for Editor in 0.00 ms.
Unloading 1268 Unused Serialized files (Serialized files now loaded: 0)
System memory in use before: 209.7 MB.
System memory in use after: 209.8 MB.

Unloading 7 unused Assets to reduce memory usage. Loaded Objects now: 1756.
Total: 3.242700 ms (FindLiveObjects: 0.178100 ms CreateObjectMapping: 0.045200 ms MarkObjects: 2.922800 ms  DeleteObjects: 0.094900 ms)

========================================================================
Received Prepare
Registering precompiled user dll's ...
Registered in 0.001584 seconds.
Begin MonoManager ReloadAssembly
Native extension for WindowsStandalone target not found
Native extension for WebGL target not found
Refreshing native plugins compatible for Editor in 0.35 ms, found 0 plugins.
Preloading 0 native plugins for Editor in 0.00 ms.
Mono: successfully reloaded assembly
- Completed reload, in  0.982 seconds
Platform modules already initialized, skipping
Refreshing native plugins compatible for Editor in 0.31 ms, found 0 plugins.
Preloading 0 native plugins for Editor in 0.00 ms.
Unloading 1268 Unused Serialized files (Serialized files now loaded: 0)
System memory in use before: 209.8 MB.
System memory in use after: 209.9 MB.

Unloading 7 unused Assets to reduce memory usage. Loaded Objects now: 1758.
Total: 2.398300 ms (FindLiveObjects: 0.171700 ms CreateObjectMapping: 0.039700 ms MarkObjects: 2.110000 ms  DeleteObjects: 0.075700 ms)

========================================================================
Received Prepare
Registering precompiled user dll's ...
Registered in 0.001642 seconds.
Begin MonoManager ReloadAssembly
Native extension for WindowsStandalone target not found
Native extension for WebGL target not found
Refreshing native plugins compatible for Editor in 0.29 ms, found 0 plugins.
Preloading 0 native plugins for Editor in 0.00 ms.
Mono: successfully reloaded assembly
- Completed reload, in  1.022 seconds
Platform modules already initialized, skipping
Refreshing native plugins compatible for Editor in 0.29 ms, found 0 plugins.
Preloading 0 native plugins for Editor in 0.00 ms.
Unloading 1268 Unused Serialized files (Serialized files now loaded: 0)
System memory in use before: 209.8 MB.
System memory in use after: 209.9 MB.

Unloading 7 unused Assets to reduce memory usage. Loaded Objects now: 1760.
Total: 2.418400 ms (FindLiveObjects: 0.186200 ms CreateObjectMapping: 0.043600 ms MarkObjects: 2.107000 ms  DeleteObjects: 0.080600 ms)

========================================================================
Received Prepare
Registering precompiled user dll's ...
Registered in 0.001878 seconds.
Begin MonoManager ReloadAssembly
Native extension for WindowsStandalone target not found
Native extension for WebGL target not found
Refreshing native plugins compatible for Editor in 0.29 ms, found 0 plugins.
Preloading 0 native plugins for Editor in 0.00 ms.
Mono: successfully reloaded assembly
- Completed reload, in  0.969 seconds
Platform modules already initialized, skipping
Refreshing native plugins compatible for Editor in 0.30 ms, found 0 plugins.
Preloading 0 native plugins for Editor in 0.00 ms.
Unloading 1268 Unused Serialized files (Serialized files now loaded: 0)
System memory in use before: 209.5 MB.
System memory in use after: 209.6 MB.

Unloading 7 unused Assets to reduce memory usage. Loaded Objects now: 1762.
Total: 3.112300 ms (FindLiveObjects: 0.213300 ms CreateObjectMapping: 0.042500 ms MarkObjects: 2.753000 ms  DeleteObjects: 0.100400 ms)

========================================================================
Received Prepare
Registering precompiled user dll's ...
Registered in 0.002212 seconds.
Begin MonoManager ReloadAssembly
Native extension for WindowsStandalone target not found
Native extension for WebGL target not found
Refreshing native plugins compatible for Editor in 0.38 ms, found 0 plugins.
Preloading 0 native plugins for Editor in 0.00 ms.
Mono: successfully reloaded assembly
- Completed reload, in  0.972 seconds
Platform modules already initialized, skipping
Refreshing native plugins compatible for Editor in 0.30 ms, found 0 plugins.
Preloading 0 native plugins for Editor in 0.00 ms.
Unloading 1268 Unused Serialized files (Serialized files now loaded: 0)
System memory in use before: 209.8 MB.
System memory in use after: 209.9 MB.

Unloading 7 unused Assets to reduce memory usage. Loaded Objects now: 1764.
Total: 2.439500 ms (FindLiveObjects: 0.187300 ms CreateObjectMapping: 0.042900 ms MarkObjects: 2.120100 ms  DeleteObjects: 0.087700 ms)

========================================================================
Received Prepare
Registering precompiled user dll's ...
Registered in 0.001632 seconds.
Begin MonoManager ReloadAssembly
Native extension for WindowsStandalone target not found
Native extension for WebGL target not found
Refreshing native plugins compatible for Editor in 0.37 ms, found 0 plugins.
Preloading 0 native plugins for Editor in 0.00 ms.
Mono: successfully reloaded assembly
- Completed reload, in  1.044 seconds
Platform modules already initialized, skipping
Refreshing native plugins compatible for Editor in 0.37 ms, found 0 plugins.
Preloading 0 native plugins for Editor in 0.00 ms.
Unloading 1268 Unused Serialized files (Serialized files now loaded: 0)
System memory in use before: 209.7 MB.
System memory in use after: 209.8 MB.

Unloading 7 unused Assets to reduce memory usage. Loaded Objects now: 1766.
Total: 2.516500 ms (FindLiveObjects: 0.195800 ms CreateObjectMapping: 0.039100 ms MarkObjects: 2.179000 ms  DeleteObjects: 0.101700 ms)

========================================================================
Received Prepare
Registering precompiled user dll's ...
Registered in 0.001618 seconds.
Begin MonoManager ReloadAssembly
Native extension for WindowsStandalone target not found
Native extension for WebGL target not found
Refreshing native plugins compatible for Editor in 0.38 ms, found 0 plugins.
Preloading 0 native plugins for Editor in 0.00 ms.
Mono: successfully reloaded assembly
- Completed reload, in  0.999 seconds
Platform modules already initialized, skipping
Refreshing native plugins compatible for Editor in 0.30 ms, found 0 plugins.
Preloading 0 native plugins for Editor in 0.00 ms.
Unloading 1268 Unused Serialized files (Serialized files now loaded: 0)
System memory in use before: 209.8 MB.
System memory in use after: 209.9 MB.

Unloading 7 unused Assets to reduce memory usage. Loaded Objects now: 1768.
Total: 2.301000 ms (FindLiveObjects: 0.211200 ms CreateObjectMapping: 0.045800 ms MarkObjects: 1.966600 ms  DeleteObjects: 0.076100 ms)

========================================================================
Received Prepare
Registering precompiled user dll's ...
Registered in 0.001694 seconds.
Begin MonoManager ReloadAssembly
Native extension for WindowsStandalone target not found
Native extension for WebGL target not found
Refreshing native plugins compatible for Editor in 0.31 ms, found 0 plugins.
Preloading 0 native plugins for Editor in 0.00 ms.
Mono: successfully reloaded assembly
- Completed reload, in  0.961 seconds
Platform modules already initialized, skipping
Refreshing native plugins compatible for Editor in 0.36 ms, found 0 plugins.
Preloading 0 native plugins for Editor in 0.00 ms.
Unloading 1268 Unused Serialized files (Serialized files now loaded: 0)
System memory in use before: 209.8 MB.
System memory in use after: 209.9 MB.

Unloading 7 unused Assets to reduce memory usage. Loaded Objects now: 1770.
Total: 2.282500 ms (FindLiveObjects: 0.178100 ms CreateObjectMapping: 0.042900 ms MarkObjects: 1.981800 ms  DeleteObjects: 0.078700 ms)

========================================================================
Received Prepare
Registering precompiled user dll's ...
Registered in 0.001648 seconds.
Begin MonoManager ReloadAssembly
Native extension for WindowsStandalone target not found
Native extension for WebGL target not found
Refreshing native plugins compatible for Editor in 0.32 ms, found 0 plugins.
Preloading 0 native plugins for Editor in 0.00 ms.
Mono: successfully reloaded assembly
- Completed reload, in  0.990 seconds
Platform modules already initialized, skipping
Refreshing native plugins compatible for Editor in 0.32 ms, found 0 plugins.
Preloading 0 native plugins for Editor in 0.00 ms.
Unloading 1268 Unused Serialized files (Serialized files now loaded: 0)
System memory in use before: 209.4 MB.
System memory in use after: 209.5 MB.

Unloading 7 unused Assets to reduce memory usage. Loaded Objects now: 1772.
Total: 2.685000 ms (FindLiveObjects: 0.202800 ms CreateObjectMapping: 0.040200 ms MarkObjects: 2.330500 ms  DeleteObjects: 0.110100 ms)

========================================================================
Received Prepare
Registering precompiled user dll's ...
Registered in 0.001575 seconds.
Begin MonoManager ReloadAssembly
Native extension for WindowsStandalone target not found
Native extension for WebGL target not found
Refreshing native plugins compatible for Editor in 0.31 ms, found 0 plugins.
Preloading 0 native plugins for Editor in 0.00 ms.
Mono: successfully reloaded assembly
- Completed reload, in  0.962 seconds
Platform modules already initialized, skipping
Refreshing native plugins compatible for Editor in 0.30 ms, found 0 plugins.
Preloading 0 native plugins for Editor in 0.00 ms.
Unloading 1268 Unused Serialized files (Serialized files now loaded: 0)
System memory in use before: 209.9 MB.
System memory in use after: 209.9 MB.

Unloading 7 unused Assets to reduce memory usage. Loaded Objects now: 1774.
Total: 2.406600 ms (FindLiveObjects: 0.429000 ms CreateObjectMapping: 0.037300 ms MarkObjects: 1.864500 ms  DeleteObjects: 0.074700 ms)

========================================================================
Received Import Request.
  Time since last request: 4887.844624 seconds.
  path: Assets/Game/Core/Fader.prefab
  artifactKey: Guid(77775a12d941d9041b5f88ad0c2d405c) Importer(815301076,1909f56bfc062723c751e8b465ee728b)
Start importing Assets/Game/Core/Fader.prefab using Guid(77775a12d941d9041b5f88ad0c2d405c) Importer(815301076,1909f56bfc062723c751e8b465ee728b)  -> (artifact id: 'c0761ada20f5fe275b9bf79496bb1431') in 0.053286 seconds 
========================================================================
Received Import Request.
  Time since last request: 34.564574 seconds.
  path: Assets/Game/Core/Core.prefab
  artifactKey: Guid(16ae1035fc26d5f46b36babd4338ca27) Importer(815301076,1909f56bfc062723c751e8b465ee728b)
Start importing Assets/Game/Core/Core.prefab using Guid(16ae1035fc26d5f46b36babd4338ca27) Importer(815301076,1909f56bfc062723c751e8b465ee728b) BlendTree "Blend Tree" in state "Locomotion" in Controller "Character" uses parameter "attack" which is not float type.
UnityEngine.StackTraceUtility:ExtractStackTrace ()
UnityEditor.EditorUtility:Internal_InstantiateRemoveAllNonAnimationComponentsSingle (UnityEngine.Object,UnityEngine.Vector3,UnityEngine.Quaternion)
UnityEditor.EditorUtility:InstantiateRemoveAllNonAnimationComponents (UnityEngine.Object,UnityEngine.Vector3,UnityEngine.Quaternion)
UnityEditor.EditorUtility:InstantiateForAnimatorPreview (UnityEngine.Object)
UnityEditor.GameObjectInspector/PreviewData:UpdateGameObject (UnityEngine.Object)
UnityEditor.GameObjectInspector/PreviewData:.ctor (UnityEngine.Object)
UnityEditor.GameObjectInspector:GetPreviewData ()
UnityEditor.GameObjectInspector:RenderStaticPreview (string,UnityEngine.Object[],int,int)
UnityEditor.AssetPreviewUpdater:CreatePreview (UnityEngine.Object,UnityEngine.Object[],string,int,int)
UnityEditor.AssetPreviewUpdater:CreatePreviewForAsset (UnityEngine.Object,UnityEngine.Object[],string)

[C:\buildslave\unity\build\Modules\Animation\AnimatorController.cpp line 981]

 -> (artifact id: 'a0fcfebd792a751a8268404a5d9bc589') in 0.204885 seconds 
========================================================================
Received Import Request.
  Time since last request: 392.211887 seconds.
  path: Assets/Scenes/SandBox2/SandBox2.unity
  artifactKey: Guid(d9ea5bb9554e61f42b53b4bedceda6ee) Importer(815301076,1909f56bfc062723c751e8b465ee728b)
Start importing Assets/Scenes/SandBox2/SandBox2.unity using Guid(d9ea5bb9554e61f42b53b4bedceda6ee) Importer(815301076,1909f56bfc062723c751e8b465ee728b)  -> (artifact id: 'a670dfa52a7dc4bf7a50f60d8ce97d4a') in 0.012280 seconds 
========================================================================
Received Prepare
Registering precompiled user dll's ...
Registered in 0.001546 seconds.
Begin MonoManager ReloadAssembly
Native extension for WindowsStandalone target not found
Native extension for WebGL target not found
Refreshing native plugins compatible for Editor in 0.32 ms, found 0 plugins.
Preloading 0 native plugins for Editor in 0.00 ms.
Mono: successfully reloaded assembly
- Completed reload, in  1.060 seconds
Platform modules already initialized, skipping
Refreshing native plugins compatible for Editor in 0.31 ms, found 0 plugins.
Preloading 0 native plugins for Editor in 0.00 ms.
Unloading 1268 Unused Serialized files (Serialized files now loaded: 0)
System memory in use before: 224.9 MB.
System memory in use after: 224.9 MB.

Unloading 7 unused Assets to reduce memory usage. Loaded Objects now: 1784.
Total: 2.320700 ms (FindLiveObjects: 0.160500 ms CreateObjectMapping: 0.039100 ms MarkObjects: 2.047400 ms  DeleteObjects: 0.072700 ms)

========================================================================
Received Import Request.
  Time since last request: 176.198120 seconds.
  path: Assets/Game/Core/Core.prefab
  artifactKey: Guid(16ae1035fc26d5f46b36babd4338ca27) Importer(815301076,1909f56bfc062723c751e8b465ee728b)
Start importing Assets/Game/Core/Core.prefab using Guid(16ae1035fc26d5f46b36babd4338ca27) Importer(815301076,1909f56bfc062723c751e8b465ee728b) BlendTree "Blend Tree" in state "Locomotion" in Controller "Character" uses parameter "attack" which is not float type.
UnityEngine.StackTraceUtility:ExtractStackTrace ()
UnityEditor.EditorUtility:Internal_InstantiateRemoveAllNonAnimationComponentsSingle (UnityEngine.Object,UnityEngine.Vector3,UnityEngine.Quaternion)
UnityEditor.EditorUtility:InstantiateRemoveAllNonAnimationComponents (UnityEngine.Object,UnityEngine.Vector3,UnityEngine.Quaternion)
UnityEditor.EditorUtility:InstantiateForAnimatorPreview (UnityEngine.Object)
UnityEditor.GameObjectInspector/PreviewData:UpdateGameObject (UnityEngine.Object)
UnityEditor.GameObjectInspector/PreviewData:.ctor (UnityEngine.Object)
UnityEditor.GameObjectInspector:GetPreviewData ()
UnityEditor.GameObjectInspector:RenderStaticPreview (string,UnityEngine.Object[],int,int)
UnityEditor.AssetPreviewUpdater:CreatePreview (UnityEngine.Object,UnityEngine.Object[],string,int,int)
UnityEditor.AssetPreviewUpdater:CreatePreviewForAsset (UnityEngine.Object,UnityEngine.Object[],string)

[C:\buildslave\unity\build\Modules\Animation\AnimatorController.cpp line 981]

 -> (artifact id: 'e29824285b2ebb00a76c243cb66751f3') in 0.105834 seconds 
========================================================================
Received Import Request.
  Time since last request: 8.974047 seconds.
  path: Assets/Game/Core/PersistentObjects.prefab
  artifactKey: Guid(b52aed1766ee8a3459474945351c2804) Importer(815301076,1909f56bfc062723c751e8b465ee728b)
Start importing Assets/Game/Core/PersistentObjects.prefab using Guid(b52aed1766ee8a3459474945351c2804) Importer(815301076,1909f56bfc062723c751e8b465ee728b)  -> (artifact id: '1b62b8a326421583db712bbfb8f28cb8') in 0.022357 seconds 
========================================================================
Received Import Request.
  Time since last request: 144.421544 seconds.
  path: Assets/Scripts/Core/PersistentObjetcSpawner.cs
  artifactKey: Guid(846aa40c7130ca0408ebf044c2d72b6b) Importer(815301076,1909f56bfc062723c751e8b465ee728b)
Start importing Assets/Scripts/Core/PersistentObjetcSpawner.cs using Guid(846aa40c7130ca0408ebf044c2d72b6b) Importer(815301076,1909f56bfc062723c751e8b465ee728b)  -> (artifact id: '0345c779993ddf6955aa6a264788c1cf') in 0.009971 seconds 
========================================================================
Received Prepare
Registering precompiled user dll's ...
Registered in 0.001757 seconds.
Begin MonoManager ReloadAssembly
Native extension for WindowsStandalone target not found
Native extension for WebGL target not found
Refreshing native plugins compatible for Editor in 0.30 ms, found 0 plugins.
Preloading 0 native plugins for Editor in 0.00 ms.
Mono: successfully reloaded assembly
- Completed reload, in  0.977 seconds
Platform modules already initialized, skipping
Refreshing native plugins compatible for Editor in 0.30 ms, found 0 plugins.
Preloading 0 native plugins for Editor in 0.00 ms.
Unloading 1269 Unused Serialized files (Serialized files now loaded: 0)
System memory in use before: 225.1 MB.
System memory in use after: 225.2 MB.

Unloading 7 unused Assets to reduce memory usage. Loaded Objects now: 1788.
Total: 2.734900 ms (FindLiveObjects: 0.301400 ms CreateObjectMapping: 0.041400 ms MarkObjects: 2.310100 ms  DeleteObjects: 0.080600 ms)

========================================================================
Received Prepare
Registering precompiled user dll's ...
Registered in 0.002659 seconds.
Begin MonoManager ReloadAssembly
Native extension for WindowsStandalone target not found
Native extension for WebGL target not found
Refreshing native plugins compatible for Editor in 0.46 ms, found 0 plugins.
Preloading 0 native plugins for Editor in 0.00 ms.
Mono: successfully reloaded assembly
- Completed reload, in  1.176 seconds
Platform modules already initialized, skipping
Refreshing native plugins compatible for Editor in 0.42 ms, found 0 plugins.
Preloading 0 native plugins for Editor in 0.00 ms.
Unloading 1269 Unused Serialized files (Serialized files now loaded: 0)
System memory in use before: 225.1 MB.
System memory in use after: 225.2 MB.

Unloading 7 unused Assets to reduce memory usage. Loaded Objects now: 1790.
Total: 3.083400 ms (FindLiveObjects: 0.316800 ms CreateObjectMapping: 0.081400 ms MarkObjects: 2.560500 ms  DeleteObjects: 0.121700 ms)

========================================================================
Received Import Request.
  Time since last request: 13535.750623 seconds.
  path: Assets/Scripts/Core/PersistentObjetcSpawner.cs
  artifactKey: Guid(846aa40c7130ca0408ebf044c2d72b6b) Importer(815301076,1909f56bfc062723c751e8b465ee728b)
Start importing Assets/Scripts/Core/PersistentObjetcSpawner.cs using Guid(846aa40c7130ca0408ebf044c2d72b6b) Importer(815301076,1909f56bfc062723c751e8b465ee728b)  -> (artifact id: '5105271c05a70d3743ea8566dbebc8d4') in 0.011473 seconds 
