Using pre-set license
Built from 'trunk' branch; Version is '2021.1.0a9 (18321e85013a) revision 1585694'; Using compiler version '192528614'; Build Type 'Release'
OS: 'Windows 10 Pro; OS build 19042.746; Version 2009; 64bit' Language: 'pt' Physical Memory: 16333 MB
BatchMode: 1, IsHumanControllingUs: 0, StartBugReporterOnCrash: 0, Is64bit: 1, IsPro: 0

 COMMAND LINE ARGUMENTS:
C:\Program Files\Unity\Hub\Editor\2021.1.0a9\Editor\Unity.exe
-adb2
-batchMode
-noUpm
-name
AssetImportWorker0
-projectPath
C:/Users/Gu/Documents/Work/UNITY/RPG/RPG Project
-logFile
Logs/AssetImportWorker0.log
-srvPort
53533
Successfully changed project path to: C:/Users/Gu/Documents/Work/UNITY/RPG/RPG Project
C:/Users/Gu/Documents/Work/UNITY/RPG/RPG Project
Using Asset Import Pipeline V2.
Refreshing native plugins compatible for Editor in 30.30 ms, found 0 plugins.
Preloading 0 native plugins for Editor in 0.00 ms.
Initialize engine version: 2021.1.0a9 (18321e85013a)
[Subsystems] Discovering subsystems at path C:/Program Files/Unity/Hub/Editor/2021.1.0a9/Editor/Data/Resources/UnitySubsystems
[Subsystems] Discovering subsystems at path C:/Users/Gu/Documents/Work/UNITY/RPG/RPG Project/Assets
GfxDevice: creating device client; threaded=0; jobified=0
Direct3D:
    Version:  Direct3D 11.0 [level 11.1]
    Renderer: NVIDIA GeForce RTX 2070 SUPER (ID=0x1e84)
    Vendor:   
    VRAM:     8011 MB
    Driver:   27.21.14.6109
Initialize mono
Mono path[0] = 'C:/Program Files/Unity/Hub/Editor/2021.1.0a9/Editor/Data/Managed'
Mono path[1] = 'C:/Program Files/Unity/Hub/Editor/2021.1.0a9/Editor/Data/MonoBleedingEdge/lib/mono/unityjit'
Mono config path = 'C:/Program Files/Unity/Hub/Editor/2021.1.0a9/Editor/Data/MonoBleedingEdge/etc'
Using monoOptions --debugger-agent=transport=dt_socket,embedding=1,server=y,suspend=n,address=127.0.0.1:56272
Begin MonoManager ReloadAssembly
Registering precompiled unity dll's ...
Register platform support module: C:/Program Files/Unity/Hub/Editor/2021.1.0a9/Editor/Data/PlaybackEngines/WebGLSupport/UnityEditor.WebGL.Extensions.dll
Register platform support module: C:/Program Files/Unity/Hub/Editor/2021.1.0a9/Editor/Data/PlaybackEngines/WindowsStandaloneSupport/UnityEditor.WindowsStandalone.Extensions.dll
Registered in 0.003501 seconds.
Native extension for WindowsStandalone target not found
Native extension for WebGL target not found
Refreshing native plugins compatible for Editor in 30.87 ms, found 0 plugins.
Preloading 0 native plugins for Editor in 0.00 ms.
Mono: successfully reloaded assembly
- Completed reload, in  2.288 seconds
Platform modules already initialized, skipping
Registering precompiled user dll's ...
Registered in 0.001571 seconds.
Begin MonoManager ReloadAssembly
Native extension for WindowsStandalone target not found
Native extension for WebGL target not found
Refreshing native plugins compatible for Editor in 0.30 ms, found 0 plugins.
Preloading 0 native plugins for Editor in 0.00 ms.
Mono: successfully reloaded assembly
- Completed reload, in  1.094 seconds
Platform modules already initialized, skipping
========================================================================
Worker process is ready to serve import requests
Launched and connected shader compiler UnityShaderCompiler.exe after 0.05 seconds
Refreshing native plugins compatible for Editor in 0.35 ms, found 0 plugins.
Preloading 0 native plugins for Editor in 0.00 ms.
Unloading 1275 Unused Serialized files (Serialized files now loaded: 0)
System memory in use before: 208.5 MB.
System memory in use after: 208.6 MB.

Unloading 12 unused Assets to reduce memory usage. Loaded Objects now: 1748.
Total: 2.583300 ms (FindLiveObjects: 0.181500 ms CreateObjectMapping: 0.039200 ms MarkObjects: 2.245300 ms  DeleteObjects: 0.116000 ms)

========================================================================
Received Import Request.
  path: Assets/Scripts/Core/PersistentObjetcSpawner.cs
  artifactKey: Guid(846aa40c7130ca0408ebf044c2d72b6b) Importer(815301076,1909f56bfc062723c751e8b465ee728b)
Start importing Assets/Scripts/Core/PersistentObjetcSpawner.cs using Guid(846aa40c7130ca0408ebf044c2d72b6b) Importer(815301076,1909f56bfc062723c751e8b465ee728b)  -> (artifact id: 'b104b1ed541d1fd8f3435935d038506b') in 0.031808 seconds 
========================================================================
Received Import Request.
  Time since last request: 11.573771 seconds.
  path: Assets/Scripts/Core/PersistentObjetcSpawner.cs
  artifactKey: Guid(846aa40c7130ca0408ebf044c2d72b6b) Importer(815301076,1909f56bfc062723c751e8b465ee728b)
Start importing Assets/Scripts/Core/PersistentObjetcSpawner.cs using Guid(846aa40c7130ca0408ebf044c2d72b6b) Importer(815301076,1909f56bfc062723c751e8b465ee728b)  -> (artifact id: 'da5ddfed31304fed4698dea3e1904f9b') in 0.003505 seconds 
========================================================================
Received Import Request.
  Time since last request: 52.212098 seconds.
  path: Assets/Scripts/Core/PersistentObjetcSpawner.cs
  artifactKey: Guid(846aa40c7130ca0408ebf044c2d72b6b) Importer(815301076,1909f56bfc062723c751e8b465ee728b)
Start importing Assets/Scripts/Core/PersistentObjetcSpawner.cs using Guid(846aa40c7130ca0408ebf044c2d72b6b) Importer(815301076,1909f56bfc062723c751e8b465ee728b)  -> (artifact id: '2e989007918f466c2e0b8568228957c5') in 0.003413 seconds 
========================================================================
Received Import Request.
  Time since last request: 121.076336 seconds.
  path: Assets/Scripts/Core/PersistentObjetcSpawner.cs
  artifactKey: Guid(846aa40c7130ca0408ebf044c2d72b6b) Importer(815301076,1909f56bfc062723c751e8b465ee728b)
Start importing Assets/Scripts/Core/PersistentObjetcSpawner.cs using Guid(846aa40c7130ca0408ebf044c2d72b6b) Importer(815301076,1909f56bfc062723c751e8b465ee728b)  -> (artifact id: 'c4e3c3d7f5bdd87a17e4959ab36341fd') in 0.003598 seconds 
========================================================================
Received Import Request.
  Time since last request: 45.154717 seconds.
  path: Assets/Scripts/Core/PersistentObjetcSpawner.cs
  artifactKey: Guid(846aa40c7130ca0408ebf044c2d72b6b) Importer(815301076,1909f56bfc062723c751e8b465ee728b)
Start importing Assets/Scripts/Core/PersistentObjetcSpawner.cs using Guid(846aa40c7130ca0408ebf044c2d72b6b) Importer(815301076,1909f56bfc062723c751e8b465ee728b)  -> (artifact id: '58e4ea92da58366c0d5f975dd1217900') in 0.003797 seconds 
========================================================================
Received Import Request.
  Time since last request: 6.817011 seconds.
  path: Assets/Scripts/Core/PersistentObjetcSpawner.cs
  artifactKey: Guid(846aa40c7130ca0408ebf044c2d72b6b) Importer(815301076,1909f56bfc062723c751e8b465ee728b)
Start importing Assets/Scripts/Core/PersistentObjetcSpawner.cs using Guid(846aa40c7130ca0408ebf044c2d72b6b) Importer(815301076,1909f56bfc062723c751e8b465ee728b)  -> (artifact id: '65a0516c972e0962e1803010ee3651a0') in 0.003379 seconds 
========================================================================
Received Import Request.
  Time since last request: 69.180166 seconds.
  path: Assets/Scripts/Core/PersistentObjetcSpawner.cs
  artifactKey: Guid(846aa40c7130ca0408ebf044c2d72b6b) Importer(815301076,1909f56bfc062723c751e8b465ee728b)
Start importing Assets/Scripts/Core/PersistentObjetcSpawner.cs using Guid(846aa40c7130ca0408ebf044c2d72b6b) Importer(815301076,1909f56bfc062723c751e8b465ee728b)  -> (artifact id: '676c93a758bc5f316e3175778fd2495d') in 0.003415 seconds 
========================================================================
Received Import Request.
  Time since last request: 3.784079 seconds.
  path: Assets/Scripts/Core/PersistentObjetcSpawner.cs
  artifactKey: Guid(846aa40c7130ca0408ebf044c2d72b6b) Importer(815301076,1909f56bfc062723c751e8b465ee728b)
Start importing Assets/Scripts/Core/PersistentObjetcSpawner.cs using Guid(846aa40c7130ca0408ebf044c2d72b6b) Importer(815301076,1909f56bfc062723c751e8b465ee728b)  -> (artifact id: '12cdfcc710f8e213d79a6d7bdfcf4102') in 0.003344 seconds 
========================================================================
Received Prepare
Registering precompiled user dll's ...
Registered in 0.001580 seconds.
Begin MonoManager ReloadAssembly
Native extension for WindowsStandalone target not found
Native extension for WebGL target not found
Refreshing native plugins compatible for Editor in 0.29 ms, found 0 plugins.
Preloading 0 native plugins for Editor in 0.00 ms.
Mono: successfully reloaded assembly
- Completed reload, in  0.993 seconds
Platform modules already initialized, skipping
Refreshing native plugins compatible for Editor in 0.29 ms, found 0 plugins.
Preloading 0 native plugins for Editor in 0.00 ms.
Unloading 1270 Unused Serialized files (Serialized files now loaded: 0)
System memory in use before: 208.9 MB.
System memory in use after: 209.0 MB.

Unloading 7 unused Assets to reduce memory usage. Loaded Objects now: 1751.
Total: 2.234100 ms (FindLiveObjects: 0.165500 ms CreateObjectMapping: 0.034800 ms MarkObjects: 1.949300 ms  DeleteObjects: 0.083400 ms)

========================================================================
Received Prepare
Registering precompiled user dll's ...
Registered in 0.001475 seconds.
Begin MonoManager ReloadAssembly
Native extension for WindowsStandalone target not found
Native extension for WebGL target not found
Refreshing native plugins compatible for Editor in 0.30 ms, found 0 plugins.
Preloading 0 native plugins for Editor in 0.00 ms.
Mono: successfully reloaded assembly
- Completed reload, in  0.995 seconds
Platform modules already initialized, skipping
Refreshing native plugins compatible for Editor in 0.30 ms, found 0 plugins.
Preloading 0 native plugins for Editor in 0.00 ms.
Unloading 1269 Unused Serialized files (Serialized files now loaded: 0)
System memory in use before: 209.8 MB.
System memory in use after: 209.9 MB.

Unloading 7 unused Assets to reduce memory usage. Loaded Objects now: 1753.
Total: 2.168100 ms (FindLiveObjects: 0.189100 ms CreateObjectMapping: 0.037900 ms MarkObjects: 1.865700 ms  DeleteObjects: 0.074500 ms)

========================================================================
Received Import Request.
  Time since last request: 53.904740 seconds.
  path: Assets/Scripts/Core/PersistentObjetcSpawner.cs
  artifactKey: Guid(846aa40c7130ca0408ebf044c2d72b6b) Importer(815301076,1909f56bfc062723c751e8b465ee728b)
Start importing Assets/Scripts/Core/PersistentObjetcSpawner.cs using Guid(846aa40c7130ca0408ebf044c2d72b6b) Importer(815301076,1909f56bfc062723c751e8b465ee728b)  -> (artifact id: 'a83506d2ccfedc772a966c26d6559cbc') in 0.005926 seconds 
========================================================================
Received Import Request.
  Time since last request: 14.444753 seconds.
  path: Assets/Game/Core/Core.prefab
  artifactKey: Guid(16ae1035fc26d5f46b36babd4338ca27) Importer(815301076,1909f56bfc062723c751e8b465ee728b)
Start importing Assets/Game/Core/Core.prefab using Guid(16ae1035fc26d5f46b36babd4338ca27) Importer(815301076,1909f56bfc062723c751e8b465ee728b) BlendTree "Blend Tree" in state "Locomotion" in Controller "Character" uses parameter "attack" which is not float type.
UnityEngine.StackTraceUtility:ExtractStackTrace ()
UnityEditor.EditorUtility:Internal_InstantiateRemoveAllNonAnimationComponentsSingle (UnityEngine.Object,UnityEngine.Vector3,UnityEngine.Quaternion)
UnityEditor.EditorUtility:InstantiateRemoveAllNonAnimationComponents (UnityEngine.Object,UnityEngine.Vector3,UnityEngine.Quaternion)
UnityEditor.EditorUtility:InstantiateForAnimatorPreview (UnityEngine.Object)
UnityEditor.GameObjectInspector/PreviewData:UpdateGameObject (UnityEngine.Object)
UnityEditor.GameObjectInspector/PreviewData:.ctor (UnityEngine.Object)
UnityEditor.GameObjectInspector:GetPreviewData ()
UnityEditor.GameObjectInspector:RenderStaticPreview (string,UnityEngine.Object[],int,int)
UnityEditor.AssetPreviewUpdater:CreatePreview (UnityEngine.Object,UnityEngine.Object[],string,int,int)
UnityEditor.AssetPreviewUpdater:CreatePreviewForAsset (UnityEngine.Object,UnityEngine.Object[],string)

[C:\buildslave\unity\build\Modules\Animation\AnimatorController.cpp line 981]

 -> (artifact id: '533c18a61deabf288057f8919e5af69b') in 0.165163 seconds 
========================================================================
Received Import Request.
  Time since last request: 2.408416 seconds.
  path: Assets/Game/Core/Core.prefab
  artifactKey: Guid(16ae1035fc26d5f46b36babd4338ca27) Importer(815301076,1909f56bfc062723c751e8b465ee728b)
Start importing Assets/Game/Core/Core.prefab using Guid(16ae1035fc26d5f46b36babd4338ca27) Importer(815301076,1909f56bfc062723c751e8b465ee728b) BlendTree "Blend Tree" in state "Locomotion" in Controller "Character" uses parameter "attack" which is not float type.
UnityEngine.StackTraceUtility:ExtractStackTrace ()
UnityEditor.EditorUtility:Internal_InstantiateRemoveAllNonAnimationComponentsSingle (UnityEngine.Object,UnityEngine.Vector3,UnityEngine.Quaternion)
UnityEditor.EditorUtility:InstantiateRemoveAllNonAnimationComponents (UnityEngine.Object,UnityEngine.Vector3,UnityEngine.Quaternion)
UnityEditor.EditorUtility:InstantiateForAnimatorPreview (UnityEngine.Object)
UnityEditor.GameObjectInspector/PreviewData:UpdateGameObject (UnityEngine.Object)
UnityEditor.GameObjectInspector/PreviewData:.ctor (UnityEngine.Object)
UnityEditor.GameObjectInspector:GetPreviewData ()
UnityEditor.GameObjectInspector:RenderStaticPreview (string,UnityEngine.Object[],int,int)
UnityEditor.AssetPreviewUpdater:CreatePreview (UnityEngine.Object,UnityEngine.Object[],string,int,int)
UnityEditor.AssetPreviewUpdater:CreatePreviewForAsset (UnityEngine.Object,UnityEngine.Object[],string)

[C:\buildslave\unity\build\Modules\Animation\AnimatorController.cpp line 981]

 -> (artifact id: '86bd801f067c37b64b7b0c8f4959c38a') in 0.042108 seconds 
========================================================================
Received Prepare
Registering precompiled user dll's ...
Registered in 0.001470 seconds.
Begin MonoManager ReloadAssembly
Native extension for WindowsStandalone target not found
Native extension for WebGL target not found
Refreshing native plugins compatible for Editor in 0.31 ms, found 0 plugins.
Preloading 0 native plugins for Editor in 0.00 ms.
Mono: successfully reloaded assembly
- Completed reload, in  0.971 seconds
Platform modules already initialized, skipping
Refreshing native plugins compatible for Editor in 0.31 ms, found 0 plugins.
Preloading 0 native plugins for Editor in 0.00 ms.
Unloading 1269 Unused Serialized files (Serialized files now loaded: 0)
System memory in use before: 225.1 MB.
System memory in use after: 225.2 MB.

Unloading 7 unused Assets to reduce memory usage. Loaded Objects now: 1763.
Total: 2.416700 ms (FindLiveObjects: 0.243500 ms CreateObjectMapping: 0.054400 ms MarkObjects: 2.042700 ms  DeleteObjects: 0.074900 ms)

========================================================================
Received Prepare
Registering precompiled user dll's ...
Registered in 0.001923 seconds.
Begin MonoManager ReloadAssembly
Native extension for WindowsStandalone target not found
Native extension for WebGL target not found
Refreshing native plugins compatible for Editor in 0.41 ms, found 0 plugins.
Preloading 0 native plugins for Editor in 0.00 ms.
Mono: successfully reloaded assembly
- Completed reload, in  1.034 seconds
Platform modules already initialized, skipping
Refreshing native plugins compatible for Editor in 0.41 ms, found 0 plugins.
Preloading 0 native plugins for Editor in 0.00 ms.
Unloading 1269 Unused Serialized files (Serialized files now loaded: 0)
System memory in use before: 225.1 MB.
System memory in use after: 225.2 MB.

Unloading 7 unused Assets to reduce memory usage. Loaded Objects now: 1765.
Total: 2.570100 ms (FindLiveObjects: 0.219600 ms CreateObjectMapping: 0.039000 ms MarkObjects: 2.202300 ms  DeleteObjects: 0.105600 ms)

========================================================================
Received Prepare
Registering precompiled user dll's ...
Registered in 0.001657 seconds.
Begin MonoManager ReloadAssembly
Native extension for WindowsStandalone target not found
Native extension for WebGL target not found
Refreshing native plugins compatible for Editor in 0.29 ms, found 0 plugins.
Preloading 0 native plugins for Editor in 0.00 ms.
Mono: successfully reloaded assembly
- Completed reload, in  1.010 seconds
Platform modules already initialized, skipping
Refreshing native plugins compatible for Editor in 0.30 ms, found 0 plugins.
Preloading 0 native plugins for Editor in 0.00 ms.
Unloading 1269 Unused Serialized files (Serialized files now loaded: 0)
System memory in use before: 225.0 MB.
System memory in use after: 225.1 MB.

Unloading 7 unused Assets to reduce memory usage. Loaded Objects now: 1767.
Total: 2.109700 ms (FindLiveObjects: 0.185700 ms CreateObjectMapping: 0.036700 ms MarkObjects: 1.809900 ms  DeleteObjects: 0.076400 ms)

========================================================================
Received Prepare
Registering precompiled user dll's ...
Registered in 0.001519 seconds.
Begin MonoManager ReloadAssembly
Native extension for WindowsStandalone target not found
Native extension for WebGL target not found
Refreshing native plugins compatible for Editor in 0.30 ms, found 0 plugins.
Preloading 0 native plugins for Editor in 0.00 ms.
Mono: successfully reloaded assembly
- Completed reload, in  0.974 seconds
Platform modules already initialized, skipping
Refreshing native plugins compatible for Editor in 0.29 ms, found 0 plugins.
Preloading 0 native plugins for Editor in 0.00 ms.
Unloading 1269 Unused Serialized files (Serialized files now loaded: 0)
System memory in use before: 225.2 MB.
System memory in use after: 225.2 MB.

Unloading 7 unused Assets to reduce memory usage. Loaded Objects now: 1769.
Total: 2.502200 ms (FindLiveObjects: 0.207000 ms CreateObjectMapping: 0.043900 ms MarkObjects: 2.154400 ms  DeleteObjects: 0.095800 ms)

========================================================================
Received Prepare
Registering precompiled user dll's ...
Registered in 0.001903 seconds.
Begin MonoManager ReloadAssembly
Native extension for WindowsStandalone target not found
Native extension for WebGL target not found
Refreshing native plugins compatible for Editor in 0.38 ms, found 0 plugins.
Preloading 0 native plugins for Editor in 0.00 ms.
Mono: successfully reloaded assembly
- Completed reload, in  1.061 seconds
Platform modules already initialized, skipping
Refreshing native plugins compatible for Editor in 0.33 ms, found 0 plugins.
Preloading 0 native plugins for Editor in 0.00 ms.
Unloading 1269 Unused Serialized files (Serialized files now loaded: 0)
System memory in use before: 225.2 MB.
System memory in use after: 225.2 MB.

Unloading 7 unused Assets to reduce memory usage. Loaded Objects now: 1771.
Total: 2.714600 ms (FindLiveObjects: 0.261600 ms CreateObjectMapping: 0.042200 ms MarkObjects: 2.313200 ms  DeleteObjects: 0.096000 ms)

========================================================================
Received Import Request.
  Time since last request: 356.516167 seconds.
  path: Assets/Game/Core/Portal.prefab
  artifactKey: Guid(8bc6775e3206cf84896371d7a11e1c8b) Importer(815301076,1909f56bfc062723c751e8b465ee728b)
Start importing Assets/Game/Core/Portal.prefab using Guid(8bc6775e3206cf84896371d7a11e1c8b) Importer(815301076,1909f56bfc062723c751e8b465ee728b)  -> (artifact id: '57e6db2d2062766e75d41c5c9e8e1e54') in 0.037003 seconds 
========================================================================
Received Import Request.
  Time since last request: 5.391991 seconds.
  path: Assets/Scenes/SandBox/SandBox.unity
  artifactKey: Guid(9fc0d4010bbf28b4594072e72b8655ab) Importer(815301076,1909f56bfc062723c751e8b465ee728b)
Start importing Assets/Scenes/SandBox/SandBox.unity using Guid(9fc0d4010bbf28b4594072e72b8655ab) Importer(815301076,1909f56bfc062723c751e8b465ee728b)  -> (artifact id: 'db62d2ed790ce4d3d816dba12dc29849') in 0.008575 seconds 
========================================================================
Received Prepare
Registering precompiled user dll's ...
Registered in 0.001510 seconds.
Begin MonoManager ReloadAssembly
Native extension for WindowsStandalone target not found
Native extension for WebGL target not found
Refreshing native plugins compatible for Editor in 0.31 ms, found 0 plugins.
Preloading 0 native plugins for Editor in 0.00 ms.
Mono: successfully reloaded assembly
- Completed reload, in  0.981 seconds
Platform modules already initialized, skipping
Refreshing native plugins compatible for Editor in 0.30 ms, found 0 plugins.
Preloading 0 native plugins for Editor in 0.00 ms.
Unloading 1269 Unused Serialized files (Serialized files now loaded: 0)
System memory in use before: 225.0 MB.
System memory in use after: 225.1 MB.

Unloading 7 unused Assets to reduce memory usage. Loaded Objects now: 1773.
Total: 2.105000 ms (FindLiveObjects: 0.185600 ms CreateObjectMapping: 0.035800 ms MarkObjects: 1.804300 ms  DeleteObjects: 0.077900 ms)

========================================================================
Received Prepare
Registering precompiled user dll's ...
Registered in 0.001758 seconds.
Begin MonoManager ReloadAssembly
Native extension for WindowsStandalone target not found
Native extension for WebGL target not found
Refreshing native plugins compatible for Editor in 0.32 ms, found 0 plugins.
Preloading 0 native plugins for Editor in 0.00 ms.
Mono: successfully reloaded assembly
- Completed reload, in  1.011 seconds
Platform modules already initialized, skipping
Refreshing native plugins compatible for Editor in 0.33 ms, found 0 plugins.
Preloading 0 native plugins for Editor in 0.00 ms.
Unloading 1269 Unused Serialized files (Serialized files now loaded: 0)
System memory in use before: 225.2 MB.
System memory in use after: 225.3 MB.

Unloading 7 unused Assets to reduce memory usage. Loaded Objects now: 1775.
Total: 2.836100 ms (FindLiveObjects: 0.305300 ms CreateObjectMapping: 0.039700 ms MarkObjects: 2.379000 ms  DeleteObjects: 0.110500 ms)

========================================================================
Received Prepare
Registering precompiled user dll's ...
Registered in 0.001450 seconds.
Begin MonoManager ReloadAssembly
Native extension for WindowsStandalone target not found
Native extension for WebGL target not found
Refreshing native plugins compatible for Editor in 0.29 ms, found 0 plugins.
Preloading 0 native plugins for Editor in 0.00 ms.
Mono: successfully reloaded assembly
- Completed reload, in  0.983 seconds
Platform modules already initialized, skipping
Refreshing native plugins compatible for Editor in 0.32 ms, found 0 plugins.
Preloading 0 native plugins for Editor in 0.00 ms.
Unloading 1269 Unused Serialized files (Serialized files now loaded: 0)
System memory in use before: 225.2 MB.
System memory in use after: 225.3 MB.

Unloading 7 unused Assets to reduce memory usage. Loaded Objects now: 1777.
Total: 2.172500 ms (FindLiveObjects: 0.182100 ms CreateObjectMapping: 0.041900 ms MarkObjects: 1.873600 ms  DeleteObjects: 0.073600 ms)

========================================================================
Received Prepare
Registering precompiled user dll's ...
Registered in 0.001581 seconds.
Begin MonoManager ReloadAssembly
Native extension for WindowsStandalone target not found
Native extension for WebGL target not found
Refreshing native plugins compatible for Editor in 0.29 ms, found 0 plugins.
Preloading 0 native plugins for Editor in 0.00 ms.
Mono: successfully reloaded assembly
- Completed reload, in  0.974 seconds
Platform modules already initialized, skipping
Refreshing native plugins compatible for Editor in 0.29 ms, found 0 plugins.
Preloading 0 native plugins for Editor in 0.00 ms.
Unloading 1269 Unused Serialized files (Serialized files now loaded: 0)
System memory in use before: 225.0 MB.
System memory in use after: 225.0 MB.

Unloading 7 unused Assets to reduce memory usage. Loaded Objects now: 1779.
Total: 3.388700 ms (FindLiveObjects: 0.472500 ms CreateObjectMapping: 0.054900 ms MarkObjects: 2.756100 ms  DeleteObjects: 0.103100 ms)

========================================================================
Received Prepare
Registering precompiled user dll's ...
Registered in 0.001505 seconds.
Begin MonoManager ReloadAssembly
Native extension for WindowsStandalone target not found
Native extension for WebGL target not found
Refreshing native plugins compatible for Editor in 0.37 ms, found 0 plugins.
Preloading 0 native plugins for Editor in 0.00 ms.
Mono: successfully reloaded assembly
- Completed reload, in  1.005 seconds
Platform modules already initialized, skipping
Refreshing native plugins compatible for Editor in 0.29 ms, found 0 plugins.
Preloading 0 native plugins for Editor in 0.00 ms.
Unloading 1269 Unused Serialized files (Serialized files now loaded: 0)
System memory in use before: 225.2 MB.
System memory in use after: 225.3 MB.

Unloading 7 unused Assets to reduce memory usage. Loaded Objects now: 1781.
Total: 2.248300 ms (FindLiveObjects: 0.188100 ms CreateObjectMapping: 0.038100 ms MarkObjects: 1.933100 ms  DeleteObjects: 0.087700 ms)

========================================================================
Received Prepare
Registering precompiled user dll's ...
Registered in 0.001508 seconds.
Begin MonoManager ReloadAssembly
Native extension for WindowsStandalone target not found
Native extension for WebGL target not found
Refreshing native plugins compatible for Editor in 0.30 ms, found 0 plugins.
Preloading 0 native plugins for Editor in 0.00 ms.
Mono: successfully reloaded assembly
- Completed reload, in  0.982 seconds
Platform modules already initialized, skipping
Refreshing native plugins compatible for Editor in 0.32 ms, found 0 plugins.
Preloading 0 native plugins for Editor in 0.00 ms.
Unloading 1269 Unused Serialized files (Serialized files now loaded: 0)
System memory in use before: 225.2 MB.
System memory in use after: 225.3 MB.

Unloading 7 unused Assets to reduce memory usage. Loaded Objects now: 1783.
Total: 2.424600 ms (FindLiveObjects: 0.222600 ms CreateObjectMapping: 0.039400 ms MarkObjects: 2.061400 ms  DeleteObjects: 0.100100 ms)

========================================================================
Received Prepare
Registering precompiled user dll's ...
Registered in 0.001422 seconds.
Begin MonoManager ReloadAssembly
Native extension for WindowsStandalone target not found
Native extension for WebGL target not found
Refreshing native plugins compatible for Editor in 0.31 ms, found 0 plugins.
Preloading 0 native plugins for Editor in 0.00 ms.
Mono: successfully reloaded assembly
- Completed reload, in  1.015 seconds
Platform modules already initialized, skipping
Refreshing native plugins compatible for Editor in 0.34 ms, found 0 plugins.
Preloading 0 native plugins for Editor in 0.00 ms.
Unloading 1269 Unused Serialized files (Serialized files now loaded: 0)
System memory in use before: 224.9 MB.
System memory in use after: 225.0 MB.

Unloading 7 unused Assets to reduce memory usage. Loaded Objects now: 1785.
Total: 2.627000 ms (FindLiveObjects: 0.195900 ms CreateObjectMapping: 0.038300 ms MarkObjects: 2.306000 ms  DeleteObjects: 0.085100 ms)

========================================================================
Received Prepare
Registering precompiled user dll's ...
Registered in 0.001578 seconds.
Begin MonoManager ReloadAssembly
Native extension for WindowsStandalone target not found
Native extension for WebGL target not found
Refreshing native plugins compatible for Editor in 0.29 ms, found 0 plugins.
Preloading 0 native plugins for Editor in 0.00 ms.
Mono: successfully reloaded assembly
- Completed reload, in  0.973 seconds
Platform modules already initialized, skipping
Refreshing native plugins compatible for Editor in 0.38 ms, found 0 plugins.
Preloading 0 native plugins for Editor in 0.00 ms.
Unloading 1269 Unused Serialized files (Serialized files now loaded: 0)
System memory in use before: 225.2 MB.
System memory in use after: 225.3 MB.

Unloading 7 unused Assets to reduce memory usage. Loaded Objects now: 1787.
Total: 2.373700 ms (FindLiveObjects: 0.195400 ms CreateObjectMapping: 0.044300 ms MarkObjects: 2.044400 ms  DeleteObjects: 0.088400 ms)

========================================================================
Received Prepare
Registering precompiled user dll's ...
Registered in 0.001562 seconds.
Begin MonoManager ReloadAssembly
Native extension for WindowsStandalone target not found
Native extension for WebGL target not found
Refreshing native plugins compatible for Editor in 0.38 ms, found 0 plugins.
Preloading 0 native plugins for Editor in 0.00 ms.
Mono: successfully reloaded assembly
- Completed reload, in  1.018 seconds
Platform modules already initialized, skipping
Refreshing native plugins compatible for Editor in 0.29 ms, found 0 plugins.
Preloading 0 native plugins for Editor in 0.00 ms.
Unloading 1269 Unused Serialized files (Serialized files now loaded: 0)
System memory in use before: 225.2 MB.
System memory in use after: 225.3 MB.

Unloading 7 unused Assets to reduce memory usage. Loaded Objects now: 1789.
Total: 2.467400 ms (FindLiveObjects: 0.443200 ms CreateObjectMapping: 0.049700 ms MarkObjects: 1.893700 ms  DeleteObjects: 0.078800 ms)

========================================================================
Received Import Request.
  Time since last request: 652.758187 seconds.
  path: Assets/Game/Core/Portal.prefab
  artifactKey: Guid(8bc6775e3206cf84896371d7a11e1c8b) Importer(815301076,1909f56bfc062723c751e8b465ee728b)
Start importing Assets/Game/Core/Portal.prefab using Guid(8bc6775e3206cf84896371d7a11e1c8b) Importer(815301076,1909f56bfc062723c751e8b465ee728b)  -> (artifact id: '9d1dda4bd9968cdc86a732b36b695d08') in 0.031990 seconds 
========================================================================
Received Prepare
Registering precompiled user dll's ...
Registered in 0.001762 seconds.
Begin MonoManager ReloadAssembly
Native extension for WindowsStandalone target not found
Native extension for WebGL target not found
Refreshing native plugins compatible for Editor in 0.29 ms, found 0 plugins.
Preloading 0 native plugins for Editor in 0.00 ms.
Mono: successfully reloaded assembly
- Completed reload, in  0.979 seconds
Platform modules already initialized, skipping
Refreshing native plugins compatible for Editor in 0.30 ms, found 0 plugins.
Preloading 0 native plugins for Editor in 0.00 ms.
Unloading 1269 Unused Serialized files (Serialized files now loaded: 0)
System memory in use before: 224.9 MB.
System memory in use after: 224.9 MB.

Unloading 7 unused Assets to reduce memory usage. Loaded Objects now: 1791.
Total: 2.266100 ms (FindLiveObjects: 0.193300 ms CreateObjectMapping: 0.039100 ms MarkObjects: 1.959800 ms  DeleteObjects: 0.072500 ms)

========================================================================
Received Import Request.
  Time since last request: 39.339065 seconds.
  path: Assets/Game/Core/Portal.prefab
  artifactKey: Guid(8bc6775e3206cf84896371d7a11e1c8b) Importer(815301076,1909f56bfc062723c751e8b465ee728b)
Start importing Assets/Game/Core/Portal.prefab using Guid(8bc6775e3206cf84896371d7a11e1c8b) Importer(815301076,1909f56bfc062723c751e8b465ee728b)  -> (artifact id: 'ae25e3487a72943ce8e8b36e60025d70') in 0.031443 seconds 
========================================================================
Received Import Request.
  Time since last request: 0.667432 seconds.
  path: Assets/Game/Core/Portal.prefab
  artifactKey: Guid(8bc6775e3206cf84896371d7a11e1c8b) Importer(815301076,1909f56bfc062723c751e8b465ee728b)
Start importing Assets/Game/Core/Portal.prefab using Guid(8bc6775e3206cf84896371d7a11e1c8b) Importer(815301076,1909f56bfc062723c751e8b465ee728b)  -> (artifact id: 'a9f76ed3311a498a8c0b5970effdcef8') in 0.004983 seconds 
========================================================================
Received Prepare
Registering precompiled user dll's ...
Registered in 0.001649 seconds.
Begin MonoManager ReloadAssembly
Native extension for WindowsStandalone target not found
Native extension for WebGL target not found
Refreshing native plugins compatible for Editor in 0.29 ms, found 0 plugins.
Preloading 0 native plugins for Editor in 0.00 ms.
Mono: successfully reloaded assembly
- Completed reload, in  0.986 seconds
Platform modules already initialized, skipping
Refreshing native plugins compatible for Editor in 0.30 ms, found 0 plugins.
Preloading 0 native plugins for Editor in 0.00 ms.
Unloading 1269 Unused Serialized files (Serialized files now loaded: 0)
System memory in use before: 225.2 MB.
System memory in use after: 225.3 MB.

Unloading 7 unused Assets to reduce memory usage. Loaded Objects now: 1793.
Total: 2.378100 ms (FindLiveObjects: 0.181500 ms CreateObjectMapping: 0.036700 ms MarkObjects: 2.074900 ms  DeleteObjects: 0.083800 ms)

========================================================================
Received Prepare
Registering precompiled user dll's ...
Registered in 0.001612 seconds.
Begin MonoManager ReloadAssembly
Native extension for WindowsStandalone target not found
Native extension for WebGL target not found
Refreshing native plugins compatible for Editor in 0.29 ms, found 0 plugins.
Preloading 0 native plugins for Editor in 0.00 ms.
Mono: successfully reloaded assembly
- Completed reload, in  1.056 seconds
Platform modules already initialized, skipping
Refreshing native plugins compatible for Editor in 0.34 ms, found 0 plugins.
Preloading 0 native plugins for Editor in 0.00 ms.
Unloading 1273 Unused Serialized files (Serialized files now loaded: 0)
System memory in use before: 225.3 MB.
System memory in use after: 225.3 MB.

Unloading 7 unused Assets to reduce memory usage. Loaded Objects now: 1799.
Total: 2.353700 ms (FindLiveObjects: 0.194500 ms CreateObjectMapping: 0.037000 ms MarkObjects: 2.039200 ms  DeleteObjects: 0.081700 ms)

========================================================================
Received Prepare
Registering precompiled user dll's ...
Registered in 0.001627 seconds.
Begin MonoManager ReloadAssembly
Native extension for WindowsStandalone target not found
Native extension for WebGL target not found
Refreshing native plugins compatible for Editor in 0.29 ms, found 0 plugins.
Preloading 0 native plugins for Editor in 0.00 ms.
Mono: successfully reloaded assembly
- Completed reload, in  0.964 seconds
Platform modules already initialized, skipping
Refreshing native plugins compatible for Editor in 0.29 ms, found 0 plugins.
Preloading 0 native plugins for Editor in 0.00 ms.
Unloading 1273 Unused Serialized files (Serialized files now loaded: 0)
System memory in use before: 225.3 MB.
System memory in use after: 225.4 MB.

Unloading 7 unused Assets to reduce memory usage. Loaded Objects now: 1801.
Total: 2.196400 ms (FindLiveObjects: 0.173200 ms CreateObjectMapping: 0.037600 ms MarkObjects: 1.910000 ms  DeleteObjects: 0.074600 ms)

AssetImportWorkerClient::OnTransportError - code=2 error=End of file
